
> diamond-plus-core@0.1.0 build
> next build

   ▲ Next.js 15.4.5
   - Environments: .env.local, .env
   - Experiments (use with caution):
     · serverActions

   Creating an optimized production build ...
 ⚠ Compiled with warnings in 26.0s

./node_modules/fluent-ffmpeg/lib/options/misc.js
Critical dependency: the request of a dependency is an expression

Import trace for requested module:
./node_modules/fluent-ffmpeg/lib/options/misc.js
./node_modules/fluent-ffmpeg/lib/fluent-ffmpeg.js
./node_modules/fluent-ffmpeg/index.js
./src/lib/video-processor.ts
./src/app/api/upload/stream/route.ts

   Skipping validation of types
   Skipping linting
   Collecting page data ...
[Mux] Decoded signing key from base64, length: 1675
   Generating static pages (0/52) ...
   Generating static pages (13/52) 
[Mux] Decoded signing key from base64, length: 1675
Auth error: Error: Dynamic server usage: Route /community/directory couldn't be rendered statically because it used `cookies`. See more info here: https://nextjs.org/docs/messages/dynamic-server-error
    at r (.next/server/chunks/2073.js:19:11054)
    at n (.next/server/chunks/4999.js:1:7244)
    at f (.next/server/app/api/uploadthing/route.js:1:247)
    at e (.next/server/app/api/uploadthing/route.js:25:156103)
    at i (.next/server/chunks/7402.js:1:10955)
    at stringify (<anonymous>) {
  description: "Route /community/directory couldn't be rendered statically because it used `cookies`. See more info here: https://nextjs.org/docs/messages/dynamic-server-error",
  digest: 'DYNAMIC_SERVER_USAGE'
}
Auth error: Error: Dynamic server usage: Route /ask-ai couldn't be rendered statically because it used `cookies`. See more info here: https://nextjs.org/docs/messages/dynamic-server-error
    at r (.next/server/chunks/2073.js:19:11054)
    at n (.next/server/chunks/4999.js:1:7244)
    at f (.next/server/app/api/uploadthing/route.js:1:247)
    at e (.next/server/app/api/uploadthing/route.js:25:156103)
    at i (.next/server/chunks/7402.js:1:10955)
    at stringify (<anonymous>) {
  description: "Route /ask-ai couldn't be rendered statically because it used `cookies`. See more info here: https://nextjs.org/docs/messages/dynamic-server-error",
  digest: 'DYNAMIC_SERVER_USAGE'
}
Auth error: Error: Dynamic server usage: Route /business-audit couldn't be rendered statically because it used `cookies`. See more info here: https://nextjs.org/docs/messages/dynamic-server-error
    at r (.next/server/chunks/2073.js:19:11054)
    at n (.next/server/chunks/4999.js:1:7244)
    at f (.next/server/app/api/uploadthing/route.js:1:247)
    at e (.next/server/app/api/uploadthing/route.js:25:156103)
    at i (.next/server/chunks/7402.js:1:10955)
    at stringify (<anonymous>) {
  description: "Route /business-audit couldn't be rendered statically because it used `cookies`. See more info here: https://nextjs.org/docs/messages/dynamic-server-error",
  digest: 'DYNAMIC_SERVER_USAGE'
}
Auth error: Error: Dynamic server usage: Route /calendar couldn't be rendered statically because it used `cookies`. See more info here: https://nextjs.org/docs/messages/dynamic-server-error
    at r (.next/server/chunks/2073.js:19:11054)
    at n (.next/server/chunks/4999.js:1:7244)
    at f (.next/server/app/api/uploadthing/route.js:1:247)
    at e (.next/server/app/api/uploadthing/route.js:25:156103)
    at i (.next/server/chunks/7402.js:1:10955)
    at stringify (<anonymous>) {
  description: "Route /calendar couldn't be rendered statically because it used `cookies`. See more info here: https://nextjs.org/docs/messages/dynamic-server-error",
  digest: 'DYNAMIC_SERVER_USAGE'
}
   Generating static pages (26/52) 
Auth error: Error: Dynamic server usage: Route /challenges couldn't be rendered statically because it used `cookies`. See more info here: https://nextjs.org/docs/messages/dynamic-server-error
    at r (.next/server/chunks/2073.js:19:11054)
    at n (.next/server/chunks/4999.js:1:7244)
    at f (.next/server/app/api/uploadthing/route.js:1:247)
    at e (.next/server/app/api/uploadthing/route.js:25:156103)
    at i (.next/server/chunks/7402.js:1:10955)
    at stringify (<anonymous>) {
  description: "Route /challenges couldn't be rendered statically because it used `cookies`. See more info here: https://nextjs.org/docs/messages/dynamic-server-error",
  digest: 'DYNAMIC_SERVER_USAGE'
}
Auth error: Error: Dynamic server usage: Route /coaching couldn't be rendered statically because it used `cookies`. See more info here: https://nextjs.org/docs/messages/dynamic-server-error
    at r (.next/server/chunks/2073.js:19:11054)
    at n (.next/server/chunks/4999.js:1:7244)
    at f (.next/server/app/api/uploadthing/route.js:1:247)
    at e (.next/server/app/api/uploadthing/route.js:25:156103)
    at i (.next/server/chunks/7402.js:1:10955)
    at stringify (<anonymous>) {
  description: "Route /coaching couldn't be rendered statically because it used `cookies`. See more info here: https://nextjs.org/docs/messages/dynamic-server-error",
  digest: 'DYNAMIC_SERVER_USAGE'
}
Auth error: Error: Dynamic server usage: Route /group-calls couldn't be rendered statically because it used `cookies`. See more info here: https://nextjs.org/docs/messages/dynamic-server-error
    at r (.next/server/chunks/2073.js:19:11054)
    at n (.next/server/chunks/4999.js:1:7244)
    at f (.next/server/app/api/uploadthing/route.js:1:247)
    at e (.next/server/app/api/uploadthing/route.js:25:156103)
    at i (.next/server/chunks/7402.js:1:10955)
    at stringify (<anonymous>) {
  description: "Route /group-calls couldn't be rendered statically because it used `cookies`. See more info here: https://nextjs.org/docs/messages/dynamic-server-error",
  digest: 'DYNAMIC_SERVER_USAGE'
}
   Generating static pages (39/52) 
Auth error: Error: Dynamic server usage: Route /register couldn't be rendered statically because it used `cookies`. See more info here: https://nextjs.org/docs/messages/dynamic-server-error
    at r (.next/server/chunks/2073.js:19:11054)
    at n (.next/server/chunks/4999.js:1:7244)
    at f (.next/server/app/api/progress/sync/route.js:1:247)
    at e (.next/server/app/api/progress/sync/route.js:1:9941)
    at h (.next/server/app/(auth)/register/page.js:17:50073)
    at stringify (<anonymous>) {
  description: "Route /register couldn't be rendered statically because it used `cookies`. See more info here: https://nextjs.org/docs/messages/dynamic-server-error",
  digest: 'DYNAMIC_SERVER_USAGE'
}
Auth error: Error: Dynamic server usage: Route /action-plan couldn't be rendered statically because it used `cookies`. See more info here: https://nextjs.org/docs/messages/dynamic-server-error
    at r (.next/server/chunks/2073.js:19:11054)
    at n (.next/server/chunks/4999.js:1:7244)
    at f (.next/server/app/api/progress/sync/route.js:1:247)
    at e (.next/server/app/api/progress/sync/route.js:1:9941)
    at i (.next/server/chunks/7402.js:1:10955)
    at stringify (<anonymous>) {
  description: "Route /action-plan couldn't be rendered statically because it used `cookies`. See more info here: https://nextjs.org/docs/messages/dynamic-server-error",
  digest: 'DYNAMIC_SERVER_USAGE'
}
 ✓ Generating static pages (52/52)
Auth error: Error: Dynamic server usage: Route /me/profile couldn't be rendered statically because it used `cookies`. See more info here: https://nextjs.org/docs/messages/dynamic-server-error
    at r (.next/server/chunks/2073.js:19:11054)
    at n (.next/server/chunks/4999.js:1:7244)
    at f (.next/server/app/api/uploadthing/route.js:1:247)
    at e (.next/server/app/api/uploadthing/route.js:25:156103)
    at i (.next/server/chunks/7402.js:1:10955)
    at stringify (<anonymous>) {
  description: "Route /me/profile couldn't be rendered statically because it used `cookies`. See more info here: https://nextjs.org/docs/messages/dynamic-server-error",
  digest: 'DYNAMIC_SERVER_USAGE'
}
Auth error: Error: Dynamic server usage: Route /me/profile couldn't be rendered statically because it used `cookies`. See more info here: https://nextjs.org/docs/messages/dynamic-server-error
    at r (.next/server/chunks/2073.js:19:11054)
    at n (.next/server/chunks/4999.js:1:7244)
    at f (.next/server/app/api/uploadthing/route.js:1:247)
    at e (.next/server/app/api/uploadthing/route.js:25:156103)
    at h (.next/server/app/(dashboard)/me/profile/page.js:2:9433)
    at stringify (<anonymous>) {
  description: "Route /me/profile couldn't be rendered statically because it used `cookies`. See more info here: https://nextjs.org/docs/messages/dynamic-server-error",
  digest: 'DYNAMIC_SERVER_USAGE'
}
Auth error: Error: Dynamic server usage: Route /help couldn't be rendered statically because it used `cookies`. See more info here: https://nextjs.org/docs/messages/dynamic-server-error
    at r (.next/server/chunks/2073.js:19:11054)
    at n (.next/server/chunks/4999.js:1:7244)
    at f (.next/server/app/api/uploadthing/route.js:1:247)
    at e (.next/server/app/api/uploadthing/route.js:25:156103)
    at i (.next/server/chunks/7402.js:1:10955)
    at stringify (<anonymous>) {
  description: "Route /help couldn't be rendered statically because it used `cookies`. See more info here: https://nextjs.org/docs/messages/dynamic-server-error",
  digest: 'DYNAMIC_SERVER_USAGE'
}
Auth error: Error: Dynamic server usage: Route /help couldn't be rendered statically because it used `cookies`. See more info here: https://nextjs.org/docs/messages/dynamic-server-error
    at r (.next/server/chunks/2073.js:19:11054)
    at n (.next/server/chunks/4999.js:1:7244)
    at f (.next/server/app/api/uploadthing/route.js:1:247)
    at e (.next/server/app/api/uploadthing/route.js:25:156103)
    at j (.next/server/app/(dashboard)/help/page.js:2:9143)
    at stringify (<anonymous>) {
  description: "Route /help couldn't be rendered statically because it used `cookies`. See more info here: https://nextjs.org/docs/messages/dynamic-server-error",
  digest: 'DYNAMIC_SERVER_USAGE'
}
Auth error: Error: Dynamic server usage: Route /podcasts couldn't be rendered statically because it used `cookies`. See more info here: https://nextjs.org/docs/messages/dynamic-server-error
    at r (.next/server/chunks/2073.js:19:11054)
    at n (.next/server/chunks/4999.js:1:7244)
    at f (.next/server/app/api/uploadthing/route.js:1:247)
    at e (.next/server/app/api/uploadthing/route.js:25:156103)
    at i (.next/server/chunks/7402.js:1:10955)
    at stringify (<anonymous>) {
  description: "Route /podcasts couldn't be rendered statically because it used `cookies`. See more info here: https://nextjs.org/docs/messages/dynamic-server-error",
  digest: 'DYNAMIC_SERVER_USAGE'
}
Auth error: Error: Dynamic server usage: Route /scripts couldn't be rendered statically because it used `cookies`. See more info here: https://nextjs.org/docs/messages/dynamic-server-error
    at r (.next/server/chunks/2073.js:19:11054)
    at n (.next/server/chunks/4999.js:1:7244)
    at f (.next/server/app/api/uploadthing/route.js:1:247)
    at e (.next/server/app/api/uploadthing/route.js:25:156103)
    at i (.next/server/chunks/7402.js:1:10955)
    at stringify (<anonymous>) {
  description: "Route /scripts couldn't be rendered statically because it used `cookies`. See more info here: https://nextjs.org/docs/messages/dynamic-server-error",
  digest: 'DYNAMIC_SERVER_USAGE'
}
Auth error: Error: Dynamic server usage: Route /terms couldn't be rendered statically because it used `cookies`. See more info here: https://nextjs.org/docs/messages/dynamic-server-error
    at r (.next/server/chunks/2073.js:19:11054)
    at n (.next/server/chunks/4999.js:1:7244)
    at f (.next/server/app/api/uploadthing/route.js:1:247)
    at e (.next/server/app/api/uploadthing/route.js:25:156103)
    at i (.next/server/chunks/7402.js:1:10955)
    at stringify (<anonymous>) {
  description: "Route /terms couldn't be rendered statically because it used `cookies`. See more info here: https://nextjs.org/docs/messages/dynamic-server-error",
  digest: 'DYNAMIC_SERVER_USAGE'
}
Auth error: Error: Dynamic server usage: Route /privacy couldn't be rendered statically because it used `cookies`. See more info here: https://nextjs.org/docs/messages/dynamic-server-error
    at r (.next/server/chunks/2073.js:19:11054)
    at n (.next/server/chunks/4999.js:1:7244)
    at f (.next/server/app/api/uploadthing/route.js:1:247)
    at e (.next/server/app/api/uploadthing/route.js:25:156103)
    at i (.next/server/chunks/7402.js:1:10955)
    at stringify (<anonymous>) {
  description: "Route /privacy couldn't be rendered statically because it used `cookies`. See more info here: https://nextjs.org/docs/messages/dynamic-server-error",
  digest: 'DYNAMIC_SERVER_USAGE'
}
Auth error: Error: Dynamic server usage: Route /workshops couldn't be rendered statically because it used `cookies`. See more info here: https://nextjs.org/docs/messages/dynamic-server-error
    at r (.next/server/chunks/2073.js:19:11054)
    at n (.next/server/chunks/4999.js:1:7244)
    at f (.next/server/app/api/uploadthing/route.js:1:247)
    at e (.next/server/app/api/uploadthing/route.js:25:156103)
    at i (.next/server/chunks/7402.js:1:10955)
    at stringify (<anonymous>) {
  description: "Route /workshops couldn't be rendered statically because it used `cookies`. See more info here: https://nextjs.org/docs/messages/dynamic-server-error",
  digest: 'DYNAMIC_SERVER_USAGE'
}
   Finalizing page optimization ...
   Collecting build traces ...

Route (app)                                     Size  First Load JS
┌ ƒ /                                          226 B        99.6 kB
├ ○ /_not-found                              1.03 kB         100 kB
├ ƒ /action-plan                             2.76 kB         150 kB
├ ƒ /api/ask-ai                                226 B        99.6 kB
├ ƒ /api/auth/debug-session                    226 B        99.6 kB
├ ƒ /api/calendar/add-to-calendar              226 B        99.6 kB
├ ƒ /api/calendar/events                       226 B        99.6 kB
├ ƒ /api/mux-token                             226 B        99.6 kB
├ ƒ /api/mux/challenge-token                   226 B        99.6 kB
├ ƒ /api/mux/group-call-token                  226 B        99.6 kB
├ ƒ /api/mux/multi-token                       226 B        99.6 kB
├ ƒ /api/mux/playback-token                    226 B        99.6 kB
├ ƒ /api/mux/webhooks                          226 B        99.6 kB
├ ƒ /api/profile/avatar                        226 B        99.6 kB
├ ƒ /api/profile/change-email                  226 B        99.6 kB
├ ƒ /api/profile/change-password               226 B        99.6 kB
├ ƒ /api/profile/update                        226 B        99.6 kB
├ ƒ /api/progress                              226 B        99.6 kB
├ ƒ /api/progress/[lessonId]                   226 B        99.6 kB
├ ƒ /api/progress/[lessonId]/notes             226 B        99.6 kB
├ ƒ /api/progress/sub-lessons/[subLessonId]    226 B        99.6 kB
├ ƒ /api/progress/sync                         226 B        99.6 kB
├ ƒ /api/progress/sync/[lessonId]              226 B        99.6 kB
├ ƒ /api/search                                226 B        99.6 kB
├ ƒ /api/signed-video-url                      226 B        99.6 kB
├ ƒ /api/supabase-login                        226 B        99.6 kB
├ ƒ /api/upload                                226 B        99.6 kB
├ ƒ /api/upload/large                          226 B        99.6 kB
├ ƒ /api/upload/stream                         226 B        99.6 kB
├ ƒ /api/uploadthing                           226 B        99.6 kB
├ ƒ /api/videos/[filename]                     226 B        99.6 kB
├ ƒ /api/webhooks/ghl                          226 B        99.6 kB
├ ƒ /ask-ai                                  3.76 kB         158 kB
├ ƒ /auth/confirm                              226 B        99.6 kB
├ ƒ /auth/signout                              226 B        99.6 kB
├ ƒ /business-audit                           2.6 kB         150 kB
├ ƒ /calendar                                  14 kB         168 kB
├ ƒ /challenges                              5.09 kB         158 kB
├ ƒ /coaching                                11.6 kB         167 kB
├ ƒ /community/directory                     3.04 kB         110 kB
├ ○ /contact                                   226 B        99.6 kB
├ ƒ /dashboard                               1.79 kB         286 kB
├ ○ /debug-invite                            1.55 kB         143 kB
├ ƒ /group-calls                             4.94 kB         158 kB
├ ƒ /help                                    14.9 kB         154 kB
├ ƒ /login                                   4.97 kB         160 kB
├ ○ /logout                                    226 B        99.6 kB
├ ƒ /me/profile                              9.95 kB         179 kB
├ ƒ /podcasts                                  242 B         284 kB
├ ƒ /privacy                                   217 B         103 kB
├ ƒ /register                                27.4 kB         186 kB
├ ƒ /reset-password                          4.26 kB         160 kB
├ ƒ /scripts                                 5.43 kB         158 kB
├ ƒ /set-password                            6.06 kB         165 kB
├ ƒ /terms                                     217 B         103 kB
├ ○ /test-auth-flow                          4.14 kB         154 kB
├ ○ /test-ghl-user                            1.6 kB         143 kB
├ ƒ /watch/[type]/[id]                        132 kB         440 kB
└ ƒ /workshops                               5.01 kB         152 kB
+ First Load JS shared by all                99.4 kB
  ├ chunks/4bd1b696-6e485f5852ebc2d6.js      54.2 kB
  ├ chunks/5964-ccd0ec0a573f237e.js          43.1 kB
  └ other shared chunks (total)              2.05 kB


ƒ Middleware                                 68.9 kB

○  (Static)   prerendered as static content
ƒ  (Dynamic)  server-rendered on demand

